# JRE version: Java(TM) SE Runtime Environment (8.0_221-b11) (build 1.8.0_221-b11)
# Java VM: Java HotSpot(TM) 64-Bit Server VM (25.221-b11 mixed mode windows-amd64 compressed oops)
Heap:
 PSYoungGen      total 421376K, used 21504K [0x0000000715980000, 0x0000000738580000, 0x00000007c0000000)
  eden space 399872K, 0% used [0x0000000715980000,0x0000000715980000,0x000000072e000000)
  from space 21504K, 100% used [0x0000000737080000,0x0000000738580000,0x0000000738580000)
  to   space 21504K, 0% used [0x0000000735b80000,0x0000000735b80000,0x0000000737080000)
 ParOldGen       total 813568K, used 574269K [0x00000005c0c00000, 0x00000005f2680000, 0x0000000715980000)
  object space 813568K, 70% used [0x00000005c0c00000,0x00000005e3ccf708,0x00000005f2680000)
 Metaspace       used 3633K, capacity 4540K, committed 4864K, reserved 1056768K
  class space    used 403K, capacity 428K, committed 512K, reserved 1048576K
GC Heap History (10 events):
Event: 0.223 GC heap after
Heap after GC invocations=1 (full 0):
 PSYoungGen      total 153088K, used 21496K [0x0000000715980000, 0x0000000728480000, 0x00000007c0000000)
  eden space 131584K, 0% used [0x0000000715980000,0x0000000715980000,0x000000071da00000)
  from space 21504K, 99% used [0x000000071da00000,0x000000071eefe200,0x000000071ef00000)
  to   space 21504K, 0% used [0x0000000726f80000,0x0000000726f80000,0x0000000728480000)
 ParOldGen       total 349696K, used 59184K [0x00000005c0c00000, 0x00000005d6180000, 0x0000000715980000)
  object space 349696K, 16% used [0x00000005c0c00000,0x00000005c45cc000,0x00000005d6180000)
 Metaspace       used 3128K, capacity 4500K, committed 4864K, reserved 1056768K
  class space    used 342K, capacity 388K, committed 512K, reserved 1048576K
}
Event: 0.248 GC heap before
{Heap before GC invocations=2 (full 0):
 PSYoungGen      total 153088K, used 153080K [0x0000000715980000, 0x0000000728480000, 0x00000007c0000000)
  eden space 131584K, 100% used [0x0000000715980000,0x000000071da00000,0x000000071da00000)
  from space 21504K, 99% used [0x000000071da00000,0x000000071eefe200,0x000000071ef00000)
  to   space 21504K, 0% used [0x0000000726f80000,0x0000000726f80000,0x0000000728480000)
 ParOldGen       total 349696K, used 59184K [0x00000005c0c00000, 0x00000005d6180000, 0x0000000715980000)
  object space 349696K, 16% used [0x00000005c0c00000,0x00000005c45cc000,0x00000005d6180000)
 Metaspace       used 3128K, capacity 4500K, committed 4864K, reserved 1056768K
  class space    used 342K, capacity 388K, committed 512K, reserved 1048576K
Event: 0.373 GC heap after
Heap after GC invocations=2 (full 0):
 PSYoungGen      total 284672K, used 21488K [0x0000000715980000, 0x0000000728480000, 0x00000007c0000000)
  eden space 263168K, 0% used [0x0000000715980000,0x0000000715980000,0x0000000725a80000)
  from space 21504K, 99% used [0x0000000726f80000,0x000000072847c010,0x0000000728480000)
  to   space 21504K, 0% used [0x0000000725a80000,0x0000000725a80000,0x0000000726f80000)
 ParOldGen       total 349696K, used 150839K [0x00000005c0c00000, 0x00000005d6180000, 0x0000000715980000)
  object space 349696K, 43% used [0x00000005c0c00000,0x00000005c9f4dc60,0x00000005d6180000)
 Metaspace       used 3128K, capacity 4500K, committed 4864K, reserved 1056768K
  class space    used 342K, capacity 388K, committed 512K, reserved 1048576K
}
Event: 0.441 GC heap before
{Heap before GC invocations=3 (full 0):
 PSYoungGen      total 284672K, used 284656K [0x0000000715980000, 0x0000000728480000, 0x00000007c0000000)
  eden space 263168K, 100% used [0x0000000715980000,0x0000000725a80000,0x0000000725a80000)
  from space 21504K, 99% used [0x0000000726f80000,0x000000072847c010,0x0000000728480000)
  to   space 21504K, 0% used [0x0000000725a80000,0x0000000725a80000,0x0000000726f80000)
 ParOldGen       total 349696K, used 150839K [0x00000005c0c00000, 0x00000005d6180000, 0x0000000715980000)
  object space 349696K, 43% used [0x00000005c0c00000,0x00000005c9f4dc60,0x00000005d6180000)
 Metaspace       used 3128K, capacity 4500K, committed 4864K, reserved 1056768K
  class space    used 342K, capacity 388K, committed 512K, reserved 1048576K
Event: 0.675 GC heap after
Heap after GC invocations=3 (full 0):
 PSYoungGen      total 284672K, used 21488K [0x0000000715980000, 0x0000000738580000, 0x00000007c0000000)
  eden space 263168K, 0% used [0x0000000715980000,0x0000000715980000,0x0000000725a80000)
  from space 21504K, 99% used [0x0000000725a80000,0x0000000726f7c010,0x0000000726f80000)
  to   space 21504K, 0% used [0x0000000737080000,0x0000000737080000,0x0000000738580000)
 ParOldGen       total 360960K, used 360203K [0x00000005c0c00000, 0x00000005d6c80000, 0x0000000715980000)
  object space 360960K, 99% used [0x00000005c0c00000,0x00000005d6bc2c28,0x00000005d6c80000)
 Metaspace       used 3128K, capacity 4500K, committed 4864K, reserved 1056768K
  class space    used 342K, capacity 388K, committed 512K, reserved 1048576K
}
Event: 0.675 GC heap before
{Heap before GC invocations=4 (full 1):
 PSYoungGen      total 284672K, used 21488K [0x0000000715980000, 0x0000000738580000, 0x00000007c0000000)
  eden space 263168K, 0% used [0x0000000715980000,0x0000000715980000,0x0000000725a80000)
  from space 21504K, 99% used [0x0000000725a80000,0x0000000726f7c010,0x0000000726f80000)
  to   space 21504K, 0% used [0x0000000737080000,0x0000000737080000,0x0000000738580000)
 ParOldGen       total 360960K, used 360203K [0x00000005c0c00000, 0x00000005d6c80000, 0x0000000715980000)
  object space 360960K, 99% used [0x00000005c0c00000,0x00000005d6bc2c28,0x00000005d6c80000)
 Metaspace       used 3128K, capacity 4500K, committed 4864K, reserved 1056768K
  class space    used 342K, capacity 388K, committed 512K, reserved 1048576K
Event: 4.366 GC heap after
Heap after GC invocations=4 (full 1):
 PSYoungGen      total 284672K, used 0K [0x0000000715980000, 0x0000000738580000, 0x00000007c0000000)
  eden space 263168K, 0% used [0x0000000715980000,0x0000000715980000,0x0000000725a80000)
  from space 21504K, 0% used [0x0000000725a80000,0x0000000725a80000,0x0000000726f80000)
  to   space 21504K, 0% used [0x0000000737080000,0x0000000737080000,0x0000000738580000)
 ParOldGen       total 813568K, used 345175K [0x00000005c0c00000, 0x00000005f2680000, 0x0000000715980000)
  object space 813568K, 42% used [0x00000005c0c00000,0x00000005d5d15f68,0x00000005f2680000)
 Metaspace       used 3128K, capacity 4500K, committed 4864K, reserved 1056768K
  class space    used 342K, capacity 388K, committed 512K, reserved 1048576K
}
Event: 4.401 GC heap before
{Heap before GC invocations=5 (full 1):
 PSYoungGen      total 284672K, used 263168K [0x0000000715980000, 0x0000000738580000, 0x00000007c0000000)
  eden space 263168K, 100% used [0x0000000715980000,0x0000000725a80000,0x0000000725a80000)
  from space 21504K, 0% used [0x0000000725a80000,0x0000000725a80000,0x0000000726f80000)
  to   space 21504K, 0% used [0x0000000737080000,0x0000000737080000,0x0000000738580000)
 ParOldGen       total 813568K, used 345175K [0x00000005c0c00000, 0x00000005f2680000, 0x0000000715980000)
  object space 813568K, 42% used [0x00000005c0c00000,0x00000005d5d15f68,0x00000005f2680000)
 Metaspace       used 3633K, capacity 4540K, committed 4864K, reserved 1056768K
  class space    used 403K, capacity 428K, committed 512K, reserved 1048576K
Event: 4.652 GC heap after
Heap after GC invocations=5 (full 1):
 PSYoungGen      total 421376K, used 21504K [0x0000000715980000, 0x0000000738580000, 0x00000007c0000000)
  eden space 399872K, 0% used [0x0000000715980000,0x0000000715980000,0x000000072e000000)
  from space 21504K, 100% used [0x0000000737080000,0x0000000738580000,0x0000000738580000)
  to   space 21504K, 0% used [0x0000000735b80000,0x0000000735b80000,0x0000000737080000)
 ParOldGen       total 813568K, used 574269K [0x00000005c0c00000, 0x00000005f2680000, 0x0000000715980000)
  object space 813568K, 70% used [0x00000005c0c00000,0x00000005e3ccf708,0x00000005f2680000)
 Metaspace       used 3633K, capacity 4540K, committed 4864K, reserved 1056768K
  class space    used 403K, capacity 428K, committed 512K, reserved 1048576K
}
Event: 4.652 GC heap before
{Heap before GC invocations=6 (full 2):
 PSYoungGen      total 421376K, used 21504K [0x0000000715980000, 0x0000000738580000, 0x00000007c0000000)
  eden space 399872K, 0% used [0x0000000715980000,0x0000000715980000,0x000000072e000000)
  from space 21504K, 100% used [0x0000000737080000,0x0000000738580000,0x0000000738580000)
  to   space 21504K, 0% used [0x0000000735b80000,0x0000000735b80000,0x0000000737080000)
 ParOldGen       total 813568K, used 574269K [0x00000005c0c00000, 0x00000005f2680000, 0x0000000715980000)
  object space 813568K, 70% used [0x00000005c0c00000,0x00000005e3ccf708,0x00000005f2680000)
 Metaspace       used 3633K, capacity 4540K, committed 4864K, reserved 1056768K
  class space    used 403K, capacity 428K, committed 512K, reserved 1048576K

